<?xml version="1.0" encoding="UTF-8"?>
<testsuite xmlns:xsi="http://www.w3.org/2001/XMLSchema-instance" xsi:noNamespaceSchemaLocation="https://maven.apache.org/surefire/maven-surefire-plugin/xsd/surefire-test-report-3.0.xsd" version="3.0" name="com.flooid.runner.TestRunner" time="26.096" tests="7" errors="0" skipped="0" failures="0">
  <properties>
[...]
</properties>
  <testcase name="Contact form rejects invalid email addresses #1" classname="Validate Email Address in Contact Details" time="4.022"/>
  <testcase name="Contact form rejects invalid email addresses #2" classname="Validate Email Address in Contact Details" time="3.658"/>
  <testcase name="Contact form rejects invalid email addresses #3" classname="Validate Email Address in Contact Details" time="3.598"/>
  <testcase name="Contact form rejects invalid email addresses #4" classname="Validate Email Address in Contact Details" time="3.664"/>
  <testcase name="Contact form rejects invalid email addresses #5" classname="Validate Email Address in Contact Details" time="3.678"/>
  <testcase name="Contact form accepts valid email address" classname="Valid Email Address in Contact Details" time="3.504"/>
  <testcase name="Email address field is required" classname="Valid Email Address in Contact Details" time="3.581"/>
</testsuite>